<?xml version="1.0" encoding="UTF-8"?>
<!-- Generated by org.testng.reporters.JUnitReportReporter -->
<testsuite hostname="sabari" failures="0" tests="1" name="com.financeDomain.adfdatafinance.Scripts.TestCase4" time="0.000" errors="0" timestamp="2022-10-30T09:30:58 IST" skipped="1">
  <testcase classname="com.financeDomain.adfdatafinance.Scripts.TestCase4" name="testcase4" time="0.000">
    <skipped/>
  </testcase> <!-- testcase4 -->
  <system-out/>
</testsuite> <!-- com.financeDomain.adfdatafinance.Scripts.TestCase4 -->
